\o Program:		@(#)$CDS: libManager version 6.1.6 - CAT33 07/09/2015 16:03 (sjfnl890) $
\o Sub version:		sub-version  s018 
\o Arguments:		-unmapped -mpssession virtuoso684 -mpshost antares.seas.upenn.edu 
\o Working Directory:	antares.seas.upenn.edu:/mnt/castor/seas_home/k/kwlaial/cadenceGPDK/TEST1
\o Qt version: 		4.7.2
\o changeWorkingDir("/mnt/castor/seas_home/k/kwlaial/cadenceGPDK/TEST1") unnecessary.
\o ddSetForcedLib("") unnecessary.
\o Log file is "/mnt/castor/seas_home/k/kwlaial/cadenceGPDK/TEST1/libManager.log".
\o Opening libManager window.
\a nrSetWindowVisibility(cdsLibManager "show")
\o MPS service: map window
\o Library Manager customization server connected.
\a nrSetCurrentWindow(cdsLibManager)
\a nrResizeWindow(cdsLibManager list(469 136 879 552))
\a cdsLibManager->showCatsToggle->value = t
\a cdsLibManager->QToolButton7->value = t
\a cdsLibManager->showCategoriesAction->value = t
\a cdsLibManager->showCatsToggle->value = nil
\a cdsLibManager->QToolButton7->value = nil
\a cdsLibManager->showCategoriesAction->value = nil
\a _lmgrCloseIconify("cdsLibManager" 1)
\o MPS service: map window
\a nrSetCurrentWindow(cdsLibManager)
\a cdsLibManager->libListBox->value = "gpdk045"
\a cdsLibManager->libListBox->value = "analogLib"
\a cdsLibManager->libLineEdit->value = "analogLib"
\a cdsLibManager->viewRefreshButton->value = t
\o MPS request: refresh library list
\a cdsLibManager->libListBox->value = nil
\a cdsLibManager->libListBox->value = "analogLib"
\a cdsLibManager->libLineEdit->value = "analogLib"
\a cdsLibManager->editLibraryPathButton->value = t
\o Starting the cdsLibEditor...
\a nrSetCurrentWindow(cdsLibManager)
\a cdsLibManager->libListBox->value = "sheets"
\a cdsLibManager->libListBox->value = "basic"
\a cdsLibManager->libListBox->value = "gpdk045"
\a cdsLibManager->libListBox->value = "sheets"
\a cdsLibManager->libListBox->value = "gpdk045"
\a cdsLibManager->libListBox->value = "basic"
\a cdsLibManager->libListBox->value = "gpdk045"
\a cdsLibManager->libListBox->value = "cdsDefTechLib"
\a cdsLibManager->libListBox->value = "analogLib"
\a _lmgrCloseIconify("cdsLibManager" 1)
\a cdsLibManager->libLineEdit->value = "analogLib"
\o MPS service: map window
\a nrSetCurrentWindow(cdsLibManager)
\a cdsLibManager->libListBox->value = nil
\a lmgrLogShowPopup("mainListPopup0" 89 111 2 "")
\a cdsLibManager->libLineEdit->value = ""
\a cdsLibManager->FileNewLibButton->value = t
\a nrSetWindowVisibility(NewLibShell "show")
\a NewLibShell->QLineEdit2->value = "/mnt/castor/seas_home/k/kwlaial/cadenceGPDK/TEST1/"
\a nrSetCurrentWindow(NewLibShell)
\a nrSetCurrentWindow(NewLibShell->subDialog)
\a nrResizeWindow(NewLibShell list(655 150 507 559))
\a NewLibShell->QLineEdit1->value = "Test"
\a NewLibShell->newLibApplyButton->value = t
\a NewLibShell->subDialog->value = '("/mnt/castor/seas_home/k/kwlaial/cadenceGPDK/TEST1" "/mnt/castor/seas_home/k/kwlaial/cadenceGPDK/TEST1/Test/")
\o ERROR (CLM-284): Provide a library name.
\a nrSetWindowVisibility(errorDialog "show")
\a nrSetCurrentWindow(errorDialog)
\a nrResizeWindow(errorDialog list(807 296 203 120))
\a errorDialog->errorOkButton->value = t
\a nrSetCurrentWindow(cdsLibManager)
\a nrSetCurrentWindow(NewLibShell)
\a nrSetCurrentWindow(NewLibShell->subDialog)
\a NewLibShell->newLibCancelButton->value = t
\a nrSetCurrentWindow(cdsLibManager)
\a cdsLibManager->editLibraryPathButton->value = t
\o Starting the cdsLibEditor...
\a nrSetCurrentWindow(cdsLibManager)
\a lmgrLogShowPopup("mainListPopup0" 90 108 2 "")
\a lmgrLogShowPopup("mainListPopup0" 47 180 2 "")
\a cdsLibManager->editChangeRefsButton->value = t
\a nrSetWindowVisibility(changeRefDialog "show")
\a nrSetCurrentWindow(changeRefDialog)
\a nrResizeWindow(changeRefDialog list(553 158 690 528))
\a changeRefDialog->Cancel->value = t
\a nrSetCurrentWindow(cdsLibManager)
\a lmgrLogShowPopup("mainListPopup0" 109 132 2 "")
\a nrSetCurrentWindow(cdsLibManager)
\a nrSetCurrentWindow(cdsLibManager)
\a nrSetCurrentWindow(cdsLibManager)
\a nrSetCurrentWindow(cdsLibManager)
\a cdsLibManager->fileExitButton->value = t
\o libManager is exiting.
\a nrSetWindowVisibility(cdsLibManager "hide")
\a exit(0)
